# JRE version: OpenJDK Runtime Environment Zulu11.76+21-CA (11.0.25+9) (build 11.0.25+9-LTS)
# Java VM: OpenJDK 64-Bit Server VM Zulu11.76+21-CA (11.0.25+9-LTS, mixed mode, tiered, compressed oops, g1 gc, linux-amd64)
Heap:
 garbage-first heap   total 69632K, used 37828K [0x0000000600000000, 0x0000000800000000)
  region size 2048K, 4 young (8192K), 0 survivors (0K)
 Metaspace       used 54718K, capacity 56464K, committed 56808K, reserved 1099776K
  class space    used 6186K, capacity 6904K, committed 7000K, reserved 1048576K
GC Heap History (20 events):
Event: 40.720 GC heap before
{Heap before GC invocations=21 (full 8):
 garbage-first heap   total 69632K, used 30310K [0x0000000600000000, 0x0000000800000000)
  region size 2048K, 5 young (10240K), 0 survivors (0K)
 Metaspace       used 38721K, capacity 39585K, committed 39912K, reserved 1085440K
  class space    used 4236K, capacity 4567K, committed 4696K, reserved 1048576K
}
Event: 40.761 GC heap after
{Heap after GC invocations=22 (full 9):
 garbage-first heap   total 69632K, used 22146K [0x0000000600000000, 0x0000000800000000)
  region size 2048K, 0 young (0K), 0 survivors (0K)
 Metaspace       used 38721K, capacity 39585K, committed 39912K, reserved 1085440K
  class space    used 4236K, capacity 4567K, committed 4696K, reserved 1048576K
}
Event: 41.877 GC heap before
{Heap before GC invocations=22 (full 9):
 garbage-first heap   total 69632K, used 22146K [0x0000000600000000, 0x0000000800000000)
  region size 2048K, 1 young (2048K), 0 survivors (0K)
 Metaspace       used 38721K, capacity 39585K, committed 39912K, reserved 1085440K
  class space    used 4236K, capacity 4567K, committed 4696K, reserved 1048576K
}
Event: 41.916 GC heap after
{Heap after GC invocations=23 (full 10):
 garbage-first heap   total 69632K, used 21628K [0x0000000600000000, 0x0000000800000000)
  region size 2048K, 0 young (0K), 0 survivors (0K)
 Metaspace       used 38721K, capacity 39585K, committed 39912K, reserved 1085440K
  class space    used 4236K, capacity 4567K, committed 4696K, reserved 1048576K
}
Event: 47.987 GC heap before
{Heap before GC invocations=23 (full 10):
 garbage-first heap   total 69632K, used 50300K [0x0000000600000000, 0x0000000800000000)
  region size 2048K, 14 young (28672K), 0 survivors (0K)
 Metaspace       used 43114K, capacity 43995K, committed 44136K, reserved 1089536K
  class space    used 4700K, capacity 5052K, committed 5080K, reserved 1048576K
}
Event: 47.991 GC heap after
{Heap after GC invocations=24 (full 10):
 garbage-first heap   total 69632K, used 24758K [0x0000000600000000, 0x0000000800000000)
  region size 2048K, 2 young (4096K), 2 survivors (4096K)
 Metaspace       used 43114K, capacity 43995K, committed 44136K, reserved 1089536K
  class space    used 4700K, capacity 5052K, committed 5080K, reserved 1048576K
}
Event: 50.792 GC heap before
{Heap before GC invocations=24 (full 10):
 garbage-first heap   total 69632K, used 49334K [0x0000000600000000, 0x0000000800000000)
  region size 2048K, 14 young (28672K), 2 survivors (4096K)
 Metaspace       used 44843K, capacity 45791K, committed 46184K, reserved 1089536K
  class space    used 4854K, capacity 5200K, committed 5336K, reserved 1048576K
}
Event: 50.800 GC heap after
{Heap after GC invocations=25 (full 10):
 garbage-first heap   total 69632K, used 28041K [0x0000000600000000, 0x0000000800000000)
  region size 2048K, 2 young (4096K), 2 survivors (4096K)
 Metaspace       used 44843K, capacity 45791K, committed 46184K, reserved 1089536K
  class space    used 4854K, capacity 5200K, committed 5336K, reserved 1048576K
}
Event: 50.945 GC heap before
{Heap before GC invocations=25 (full 10):
 garbage-first heap   total 69632K, used 28041K [0x0000000600000000, 0x0000000800000000)
  region size 2048K, 3 young (6144K), 2 survivors (4096K)
 Metaspace       used 44889K, capacity 45855K, committed 46184K, reserved 1089536K
  class space    used 4858K, capacity 5200K, committed 5336K, reserved 1048576K
}
Event: 51.002 GC heap after
{Heap after GC invocations=26 (full 11):
 garbage-first heap   total 69632K, used 27587K [0x0000000600000000, 0x0000000800000000)
  region size 2048K, 0 young (0K), 0 survivors (0K)
 Metaspace       used 44889K, capacity 45855K, committed 46184K, reserved 1089536K
  class space    used 4858K, capacity 5200K, committed 5336K, reserved 1048576K
}
Event: 51.497 GC heap before
{Heap before GC invocations=26 (full 11):
 garbage-first heap   total 69632K, used 50115K [0x0000000600000000, 0x0000000800000000)
  region size 2048K, 11 young (22528K), 0 survivors (0K)
 Metaspace       used 47648K, capacity 48793K, committed 48872K, reserved 1093632K
  class space    used 5268K, capacity 5713K, committed 5720K, reserved 1048576K
}
Event: 51.500 GC heap after
{Heap after GC invocations=27 (full 11):
 garbage-first heap   total 69632K, used 29064K [0x0000000600000000, 0x0000000800000000)
  region size 2048K, 1 young (2048K), 1 survivors (2048K)
 Metaspace       used 47648K, capacity 48793K, committed 48872K, reserved 1093632K
  class space    used 5268K, capacity 5713K, committed 5720K, reserved 1048576K
}
Event: 51.889 GC heap before
{Heap before GC invocations=27 (full 11):
 garbage-first heap   total 69632K, used 49544K [0x0000000600000000, 0x0000000800000000)
  region size 2048K, 11 young (22528K), 1 survivors (2048K)
 Metaspace       used 49453K, capacity 50875K, committed 51176K, reserved 1093632K
  class space    used 5540K, capacity 6099K, committed 6232K, reserved 1048576K
}
Event: 51.893 GC heap after
{Heap after GC invocations=28 (full 11):
 garbage-first heap   total 69632K, used 30178K [0x0000000600000000, 0x0000000800000000)
  region size 2048K, 2 young (4096K), 2 survivors (4096K)
 Metaspace       used 49453K, capacity 50875K, committed 51176K, reserved 1093632K
  class space    used 5540K, capacity 6099K, committed 6232K, reserved 1048576K
}
Event: 57.059 GC heap before
{Heap before GC invocations=28 (full 11):
 garbage-first heap   total 69632K, used 48610K [0x0000000600000000, 0x0000000800000000)
  region size 2048K, 11 young (22528K), 2 survivors (4096K)
 Metaspace       used 52943K, capacity 54594K, committed 54760K, reserved 1097728K
  class space    used 6034K, capacity 6707K, committed 6744K, reserved 1048576K
}
Event: 57.066 GC heap after
{Heap after GC invocations=29 (full 11):
 garbage-first heap   total 69632K, used 31261K [0x0000000600000000, 0x0000000800000000)
  region size 2048K, 2 young (4096K), 2 survivors (4096K)
 Metaspace       used 52943K, capacity 54594K, committed 54760K, reserved 1097728K
  class space    used 6034K, capacity 6707K, committed 6744K, reserved 1048576K
}
Event: 73.156 GC heap before
{Heap before GC invocations=29 (full 11):
 garbage-first heap   total 69632K, used 49693K [0x0000000600000000, 0x0000000800000000)
  region size 2048K, 11 young (22528K), 2 survivors (4096K)
 Metaspace       used 54203K, capacity 55896K, committed 56168K, reserved 1099776K
  class space    used 6122K, capacity 6820K, committed 6872K, reserved 1048576K
}
Event: 73.163 GC heap after
{Heap after GC invocations=30 (full 11):
 garbage-first heap   total 69632K, used 31899K [0x0000000600000000, 0x0000000800000000)
  region size 2048K, 1 young (2048K), 1 survivors (2048K)
 Metaspace       used 54203K, capacity 55896K, committed 56168K, reserved 1099776K
  class space    used 6122K, capacity 6820K, committed 6872K, reserved 1048576K
}
Event: 73.327 GC heap before
{Heap before GC invocations=31 (full 11):
 garbage-first heap   total 69632K, used 42139K [0x0000000600000000, 0x0000000800000000)
  region size 2048K, 8 young (16384K), 1 survivors (2048K)
 Metaspace       used 54624K, capacity 56391K, committed 56552K, reserved 1099776K
  class space    used 6184K, capacity 6903K, committed 7000K, reserved 1048576K
}
Event: 73.393 GC heap after
{Heap after GC invocations=32 (full 12):
 garbage-first heap   total 69632K, used 33732K [0x0000000600000000, 0x0000000800000000)
  region size 2048K, 0 young (0K), 0 survivors (0K)
 Metaspace       used 54624K, capacity 56391K, committed 56552K, reserved 1099776K
  class space    used 6184K, capacity 6903K, committed 7000K, reserved 1048576K
}

